Determining if the pthread_create exist failed with the following output:
Change Dir: /home/aman/catkin_ws/build/pkg_task0/CMakeFiles/CMakeTmp

Run Build Command:"/usr/bin/make" "cmTC_f6912/fast"
/usr/bin/make -f CMakeFiles/cmTC_f6912.dir/build.make CMakeFiles/cmTC_f6912.dir/build
make[1]: Entering directory '/home/aman/catkin_ws/build/pkg_task0/CMakeFiles/CMakeTmp'
Building C object CMakeFiles/cmTC_f6912.dir/CheckSymbolExists.c.o
/usr/bin/cc    -o CMakeFiles/cmTC_f6912.dir/CheckSymbolExists.c.o   -c /home/aman/catkin_ws/build/pkg_task0/CMakeFiles/CMakeTmp/CheckSymbolExists.c
Linking C executable cmTC_f6912
/usr/bin/cmake -E cmake_link_script CMakeFiles/cmTC_f6912.dir/link.txt --verbose=1
/usr/bin/cc      -rdynamic CMakeFiles/cmTC_f6912.dir/CheckSymbolExists.c.o  -o cmTC_f6912 
CMakeFiles/cmTC_f6912.dir/CheckSymbolExists.c.o: In function `main':
CheckSymbolExists.c:(.text+0x1b): undefined reference to `pthread_create'
collect2: error: ld returned 1 exit status
CMakeFiles/cmTC_f6912.dir/build.make:97: recipe for target 'cmTC_f6912' failed
make[1]: *** [cmTC_f6912] Error 1
make[1]: Leaving directory '/home/aman/catkin_ws/build/pkg_task0/CMakeFiles/CMakeTmp'
Makefile:126: recipe for target 'cmTC_f6912/fast' failed
make: *** [cmTC_f6912/fast] Error 2

File /home/aman/catkin_ws/build/pkg_task0/CMakeFiles/CMakeTmp/CheckSymbolExists.c:
/* */
#include <pthread.h>

int main(int argc, char** argv)
{
  (void)argv;
#ifndef pthread_create
  return ((int*)(&pthread_create))[argc];
#else
  (void)argc;
  return 0;
#endif
}

Determining if the function pthread_create exists in the pthreads failed with the following output:
Change Dir: /home/aman/catkin_ws/build/pkg_task0/CMakeFiles/CMakeTmp

Run Build Command:"/usr/bin/make" "cmTC_ef019/fast"
/usr/bin/make -f CMakeFiles/cmTC_ef019.dir/build.make CMakeFiles/cmTC_ef019.dir/build
make[1]: Entering directory '/home/aman/catkin_ws/build/pkg_task0/CMakeFiles/CMakeTmp'
Building C object CMakeFiles/cmTC_ef019.dir/CheckFunctionExists.c.o
/usr/bin/cc   -DCHECK_FUNCTION_EXISTS=pthread_create   -o CMakeFiles/cmTC_ef019.dir/CheckFunctionExists.c.o   -c /usr/share/cmake-3.10/Modules/CheckFunctionExists.c
Linking C executable cmTC_ef019
/usr/bin/cmake -E cmake_link_script CMakeFiles/cmTC_ef019.dir/link.txt --verbose=1
/usr/bin/cc  -DCHECK_FUNCTION_EXISTS=pthread_create    -rdynamic CMakeFiles/cmTC_ef019.dir/CheckFunctionExists.c.o  -o cmTC_ef019 -lpthreads 
/usr/bin/ld: cannot find -lpthreads
collect2: error: ld returned 1 exit status
CMakeFiles/cmTC_ef019.dir/build.make:97: recipe for target 'cmTC_ef019' failed
make[1]: *** [cmTC_ef019] Error 1
make[1]: Leaving directory '/home/aman/catkin_ws/build/pkg_task0/CMakeFiles/CMakeTmp'
Makefile:126: recipe for target 'cmTC_ef019/fast' failed
make: *** [cmTC_ef019/fast] Error 2


